[14:59:51] [ServerMain/INFO]: [bootstrap] Running Java 21 (OpenJDK 64-Bit Server VM 21.0.5+8-b631.30; JetBrains s.r.o. JBR-21.0.5+8-631.30-jcef) on Windows 11 10.0 (amd64)
[14:59:51] [ServerMain/INFO]: [bootstrap] Loading Paper 1.21.3-82-ver/1.21.3@5a60ffb (2024-12-23T19:10:30Z) for Minecraft 1.21.3
[14:59:52] [ServerMain/INFO]: [PluginInitializerManager] Initializing plugins...
[14:59:52] [Paper Plugin Remapper Thread - 2/INFO]: [PluginRemapper] Remapping plugin 'plugins\lowdfx.jar'...
[14:59:52] [Paper Plugin Remapper Thread - 2/INFO]: [PluginRemapper] Done remapping plugin 'plugins\lowdfx.jar' in 318ms.
[14:59:52] [ServerMain/INFO]: [PluginInitializerManager] Initialized 3 plugins
[14:59:52] [ServerMain/INFO]: [PluginInitializerManager] Bukkit plugins (3):
 - LuckPerms (5.4.151), Vault (1.7.3-b131), lowdfx (1.0)
[14:59:55] [ServerMain/INFO]: Environment: Environment[sessionHost=https://sessionserver.mojang.com, servicesHost=https://api.minecraftservices.com, name=PROD]
[14:59:56] [ServerMain/INFO]: Loaded 1337 recipes
[14:59:56] [ServerMain/INFO]: Loaded 1448 advancements
[14:59:56] [Server thread/INFO]: Starting minecraft server version 1.21.3
[14:59:56] [Server thread/INFO]: Loading properties
[14:59:56] [Server thread/INFO]: This server is running Paper version 1.21.3-82-ver/1.21.3@5a60ffb (2024-12-23T19:10:30Z) (Implementing API version 1.21.3-R0.1-SNAPSHOT)
[14:59:56] [Server thread/INFO]: [spark] This server bundles the spark profiler. For more information please visit https://docs.papermc.io/paper/profiling
[14:59:57] [Server thread/INFO]: Server Ping Player Sample Count: 12
[14:59:57] [Server thread/INFO]: Using 4 threads for Netty based IO
[14:59:57] [Server thread/INFO]: [MoonriseCommon] Paper is using 4 worker threads, 1 I/O threads
[14:59:57] [Server thread/INFO]: [ChunkTaskScheduler] Chunk system is using population gen parallelism: true
[14:59:57] [Server thread/INFO]: Default game type: SURVIVAL
[14:59:57] [Server thread/INFO]: Generating keypair
[14:59:57] [Server thread/INFO]: Starting Minecraft server on *:25565
[14:59:57] [Server thread/INFO]: Using default channel type
[14:59:57] [Server thread/INFO]: Paper: Using Java compression from Velocity.
[14:59:57] [Server thread/INFO]: Paper: Using Java cipher from Velocity.
[14:59:57] [Server thread/INFO]: [LuckPerms] Loading server plugin LuckPerms v5.4.151
[14:59:57] [Server thread/INFO]: [Vault] Loading server plugin Vault v1.7.3-b131
[14:59:57] [Server thread/INFO]: [lowdfx] Loading server plugin lowdfx v1.0
[14:59:57] [Server thread/INFO]: Server permissions file permissions.yml is empty, ignoring it
[14:59:57] [Server thread/INFO]: [LuckPerms] Enabling LuckPerms v5.4.151
[14:59:58] [Server thread/INFO]:         __    
[14:59:58] [Server thread/INFO]:   |    |__)   LuckPerms v5.4.151
[14:59:58] [Server thread/INFO]:   |___ |      Running on Bukkit - Paper
[14:59:58] [Server thread/INFO]: 
[14:59:58] [Server thread/INFO]: [LuckPerms] Loading configuration...
[14:59:58] [Server thread/INFO]: [LuckPerms] Loading storage provider... [H2]
[14:59:58] [Server thread/INFO]: [LuckPerms] Loading internal permission managers...
[14:59:58] [Server thread/INFO]: [LuckPerms] Performing initial data load...
[14:59:58] [Server thread/INFO]: [LuckPerms] Successfully enabled. (took 681ms)
[14:59:58] [Server thread/INFO]: [Vault] Enabling Vault v1.7.3-b131
[14:59:58] [Server thread/INFO]: [Vault] [Permission] SuperPermissions loaded as backup permission system.
[14:59:58] [Server thread/INFO]: [Vault] Enabled Version 1.7.3-b131
[14:59:58] [Server thread/INFO]: [LuckPerms] Registered Vault permission & chat hook.
[14:59:58] [Server thread/WARN]: **** SERVER IS RUNNING IN OFFLINE/INSECURE MODE!
[14:59:58] [Server thread/WARN]: The server will make no attempt to authenticate usernames. Beware.
[14:59:58] [Server thread/WARN]: While this makes the game possible to play without internet access, it also opens up the ability for hackers to connect with any username they choose.
[14:59:58] [Server thread/WARN]: To change this, set "online-mode" to "true" in the server.properties file.
[14:59:58] [Server thread/INFO]: Preparing level "world"
[14:59:59] [Server thread/INFO]: Preparing start region for dimension minecraft:overworld
[14:59:59] [Paper Common Worker #2/INFO]: [MCTypeRegistry] Initialising converters for DataConverter...
[14:59:59] [Server thread/INFO]: Preparing spawn area: 0%
[14:59:59] [Paper Common Worker #2/INFO]: [MCTypeRegistry] Finished initialising converters for DataConverter in 241,9ms
[14:59:59] [Server thread/INFO]: Preparing spawn area: 22%
[14:59:59] [Server thread/INFO]: Time elapsed: 692 ms
[14:59:59] [Server thread/INFO]: Preparing start region for dimension minecraft:the_nether
[14:59:59] [Server thread/INFO]: Preparing spawn area: 0%
[14:59:59] [Server thread/INFO]: Time elapsed: 177 ms
[14:59:59] [Server thread/INFO]: Preparing start region for dimension minecraft:the_end
[14:59:59] [Server thread/INFO]: Preparing spawn area: 0%
[15:00:00] [Server thread/INFO]: Time elapsed: 79 ms
[15:00:00] [Server thread/INFO]: [lowdfx] Enabling lowdfx v1.0
[15:00:00] [Server thread/INFO]: [lowdfx] Permissions erfolgreich geladen.
[15:00:00] [Server thread/INFO]: [lowdfx] LowdFX Plugin gestartet!
[15:00:00] [Server thread/INFO]: [spark] Starting background profiler...
[15:00:00] [Server thread/INFO]: [spark] The async-profiler engine is not supported for your os/arch (windows11/amd64), so the built-in Java engine will be used instead.
[15:00:00] [Server thread/INFO]: Done preparing level "world" (1.535s)
[15:00:00] [Server thread/INFO]: Running delayed init tasks
[15:00:00] [Server thread/INFO]: Done (9.590s)! For help, type "help"
[15:00:00] [Craft Scheduler Thread - 3 - Vault/INFO]: [Vault] Checking for Updates ... 
[15:00:00] [Craft Scheduler Thread - 3 - Vault/INFO]: [Vault] No new version available
[15:02:49] [User Authenticator #0/INFO]: UUID of player martin is c0b82bb2-a30f-317c-969e-03778815d41f
[15:02:50] [Server thread/INFO]: martin[/127.0.0.1:57393] logged in with entity id 55 at ([world]561.4461083873837, 112.0, -3216.5538200617298)
[15:02:53] [Server thread/INFO]: martin issued server command: /time set 0
[15:02:54] [Server thread/INFO]: [martin: Set the time to 0]
[15:02:57] [Server thread/INFO]: martin issued server command: /spawn set spawn
[15:03:00] [Server thread/INFO]: martin issued server command: /kill @e
[15:03:00] [Server thread/INFO]: martin was killed
[15:03:00] [Server thread/INFO]: [martin: Killed 200 entities]
[15:03:07] [Server thread/INFO]: martin issued server command: /shop create 10
[15:03:07] [Server thread/INFO]: [lowdfx] [STDOUT] [Debug] Connected chests for Location{world=CraftWorld{name=world},x=562.0,y=112.0,z=-3221.0,pitch=0.0,yaw=0.0}: 1
[15:03:07] [Server thread/WARN]: Nag author(s): '[]' of 'lowdfx v1.0' about their usage of System.out/err.print. Please use your plugin's logger instead (JavaPlugin#getLogger).
[15:03:07] [Server thread/INFO]: [lowdfx] [STDOUT] [Debug] Connected chests for Location{world=CraftWorld{name=world},x=562.0,y=112.0,z=-3221.0,pitch=0.0,yaw=0.0}: 1
[15:03:07] [Server thread/INFO]: [lowdfx] [STDOUT] [Debug] No holograms found at: Location{world=CraftWorld{name=world},x=562.0,y=112.0,z=-3221.0,pitch=0.0,yaw=0.0}
[15:03:07] [Server thread/INFO]: [lowdfx] [STDOUT] [Debug] No holograms found at: Location{world=CraftWorld{name=world},x=561.0,y=112.0,z=-3221.0,pitch=0.0,yaw=0.0}
[15:03:07] [Server thread/INFO]: [lowdfx] [STDOUT] [Debug] No holograms found at: Location{world=CraftWorld{name=world},x=562.0,y=113.0,z=-3221.0,pitch=0.0,yaw=0.0}
[15:03:07] [Server thread/INFO]: [lowdfx] [STDOUT] [Debug] Hologram created at: Location{world=CraftWorld{name=world},x=562.0,y=113.0,z=-3221.0,pitch=0.0,yaw=0.0} -> 3 ArmorStands added.
[15:03:08] [Server thread/INFO]: [lowdfx] [STDOUT] [Debug] Connected chests for Location{world=CraftWorld{name=world},x=562.0,y=112.0,z=-3221.0,pitch=0.0,yaw=0.0}: 1
[15:03:08] [Server thread/INFO]: [lowdfx] [STDOUT] [Debug] No holograms found at: Location{world=CraftWorld{name=world},x=562.0,y=112.0,z=-3221.0,pitch=0.0,yaw=0.0}
[15:03:08] [Server thread/INFO]: [lowdfx] [STDOUT] [Debug] No holograms found at: Location{world=CraftWorld{name=world},x=561.0,y=112.0,z=-3221.0,pitch=0.0,yaw=0.0}
[15:03:08] [Server thread/INFO]: [lowdfx] [STDOUT] [Debug] No holograms found at: Location{world=CraftWorld{name=world},x=561.0,y=112.0,z=-3221.0,pitch=0.0,yaw=0.0}
[15:03:08] [Server thread/INFO]: [lowdfx] [STDOUT] [Debug] No holograms found at: Location{world=CraftWorld{name=world},x=561.0,y=113.0,z=-3221.0,pitch=0.0,yaw=0.0}
[15:03:08] [Server thread/INFO]: [lowdfx] [STDOUT] [Debug] Hologram created at: Location{world=CraftWorld{name=world},x=561.0,y=113.0,z=-3221.0,pitch=0.0,yaw=0.0} -> 3 ArmorStands added.
[15:03:09] [Server thread/INFO]: [lowdfx] [STDOUT] [Debug] Connected chests for Location{world=CraftWorld{name=world},x=561.0,y=112.0,z=-3221.0,pitch=0.0,yaw=0.0}: 0
[15:03:09] [Server thread/INFO]: [lowdfx] [STDOUT] [Debug] No holograms found at: Location{world=CraftWorld{name=world},x=561.0,y=112.0,z=-3221.0,pitch=0.0,yaw=0.0}
[15:17:38] [Server thread/INFO]: martin lost connection: Disconnected
[15:17:38] [Server thread/INFO]: HiyarCraft >> Bis bald martin !
